  GameScene.cpp
D:\Grex\School\Benilde\2nd Year 1st Sem\BASPRG3\BASPRG3_TIE2\THE ONE WITH THE REAL MILESTONES\SY21T3-BP3-TIE2-YATCOGreco\sdl-template-master-yatco\SDLTemplate\SDLTemplate\Player.h(7,10): warning C4067: unexpected tokens following preprocessor directive - expected a newline
D:\Grex\School\Benilde\2nd Year 1st Sem\BASPRG3\BASPRG3_TIE2\THE ONE WITH THE REAL MILESTONES\SY21T3-BP3-TIE2-YATCOGreco\sdl-template-master-yatco\SDLTemplate\SDLTemplate\Enemy.h(7,10): warning C4067: unexpected tokens following preprocessor directive - expected a newline
D:\Grex\School\Benilde\2nd Year 1st Sem\BASPRG3\BASPRG3_TIE2\THE ONE WITH THE REAL MILESTONES\SY21T3-BP3-TIE2-YATCOGreco\sdl-template-master-yatco\SDLTemplate\SDLTemplate\Enemy.h(8,10): warning C4067: unexpected tokens following preprocessor directive - expected a newline
D:\Grex\School\Benilde\2nd Year 1st Sem\BASPRG3\BASPRG3_TIE2\THE ONE WITH THE REAL MILESTONES\SY21T3-BP3-TIE2-YATCOGreco\sdl-template-master-yatco\SDLTemplate\SDLTemplate\PowerUpgrade.h(6,10): warning C4067: unexpected tokens following preprocessor directive - expected a newline
D:\Grex\School\Benilde\2nd Year 1st Sem\BASPRG3\BASPRG3_TIE2\THE ONE WITH THE REAL MILESTONES\SY21T3-BP3-TIE2-YATCOGreco\sdl-template-master-yatco\SDLTemplate\SDLTemplate\PowerUpgrade.h(7,10): warning C4067: unexpected tokens following preprocessor directive - expected a newline
D:\Grex\School\Benilde\2nd Year 1st Sem\BASPRG3\BASPRG3_TIE2\THE ONE WITH THE REAL MILESTONES\SY21T3-BP3-TIE2-YATCOGreco\sdl-template-master-yatco\SDLTemplate\SDLTemplate\Boss.h(7,10): warning C4067: unexpected tokens following preprocessor directive - expected a newline
D:\Grex\School\Benilde\2nd Year 1st Sem\BASPRG3\BASPRG3_TIE2\THE ONE WITH THE REAL MILESTONES\SY21T3-BP3-TIE2-YATCOGreco\sdl-template-master-yatco\SDLTemplate\SDLTemplate\Boss.h(8,10): warning C4067: unexpected tokens following preprocessor directive - expected a newline
D:\Grex\School\Benilde\2nd Year 1st Sem\BASPRG3\BASPRG3_TIE2\THE ONE WITH THE REAL MILESTONES\SY21T3-BP3-TIE2-YATCOGreco\sdl-template-master-yatco\SDLTemplate\SDLTemplate\GameScene.cpp(15,35): warning C4244: '=': conversion from 'int' to 'float', possible loss of data
D:\Grex\School\Benilde\2nd Year 1st Sem\BASPRG3\BASPRG3_TIE2\THE ONE WITH THE REAL MILESTONES\SY21T3-BP3-TIE2-YATCOGreco\sdl-template-master-yatco\SDLTemplate\SDLTemplate\GameScene.cpp(196,114): warning C4244: 'argument': conversion from 'float' to 'int', possible loss of data
D:\Grex\School\Benilde\2nd Year 1st Sem\BASPRG3\BASPRG3_TIE2\THE ONE WITH THE REAL MILESTONES\SY21T3-BP3-TIE2-YATCOGreco\sdl-template-master-yatco\SDLTemplate\SDLTemplate\GameScene.cpp(196,87): warning C4244: 'argument': conversion from 'float' to 'int', possible loss of data
D:\Grex\School\Benilde\2nd Year 1st Sem\BASPRG3\BASPRG3_TIE2\THE ONE WITH THE REAL MILESTONES\SY21T3-BP3-TIE2-YATCOGreco\sdl-template-master-yatco\SDLTemplate\SDLTemplate\GameScene.cpp(196,61): warning C4244: 'argument': conversion from 'float' to 'int', possible loss of data
D:\Grex\School\Benilde\2nd Year 1st Sem\BASPRG3\BASPRG3_TIE2\THE ONE WITH THE REAL MILESTONES\SY21T3-BP3-TIE2-YATCOGreco\sdl-template-master-yatco\SDLTemplate\SDLTemplate\GameScene.cpp(196,31): warning C4244: 'argument': conversion from 'float' to 'int', possible loss of data
D:\Grex\School\Benilde\2nd Year 1st Sem\BASPRG3\BASPRG3_TIE2\THE ONE WITH THE REAL MILESTONES\SY21T3-BP3-TIE2-YATCOGreco\sdl-template-master-yatco\SDLTemplate\SDLTemplate\GameScene.cpp(225,76): warning C4244: 'argument': conversion from 'int' to 'float', possible loss of data
D:\Grex\School\Benilde\2nd Year 1st Sem\BASPRG3\BASPRG3_TIE2\THE ONE WITH THE REAL MILESTONES\SY21T3-BP3-TIE2-YATCOGreco\sdl-template-master-yatco\SDLTemplate\SDLTemplate\GameScene.cpp(225,52): warning C4244: 'argument': conversion from 'int' to 'float', possible loss of data
D:\Grex\School\Benilde\2nd Year 1st Sem\BASPRG3\BASPRG3_TIE2\THE ONE WITH THE REAL MILESTONES\SY21T3-BP3-TIE2-YATCOGreco\sdl-template-master-yatco\SDLTemplate\SDLTemplate\GameScene.cpp(245,100): warning C4244: 'argument': conversion from 'int' to 'float', possible loss of data
D:\Grex\School\Benilde\2nd Year 1st Sem\BASPRG3\BASPRG3_TIE2\THE ONE WITH THE REAL MILESTONES\SY21T3-BP3-TIE2-YATCOGreco\sdl-template-master-yatco\SDLTemplate\SDLTemplate\GameScene.cpp(245,70): warning C4244: 'argument': conversion from 'int' to 'float', possible loss of data
D:\Grex\School\Benilde\2nd Year 1st Sem\BASPRG3\BASPRG3_TIE2\THE ONE WITH THE REAL MILESTONES\SY21T3-BP3-TIE2-YATCOGreco\sdl-template-master-yatco\SDLTemplate\SDLTemplate\GameScene.cpp(275,100): warning C4244: 'argument': conversion from 'int' to 'float', possible loss of data
D:\Grex\School\Benilde\2nd Year 1st Sem\BASPRG3\BASPRG3_TIE2\THE ONE WITH THE REAL MILESTONES\SY21T3-BP3-TIE2-YATCOGreco\sdl-template-master-yatco\SDLTemplate\SDLTemplate\GameScene.cpp(275,71): warning C4244: 'argument': conversion from 'int' to 'float', possible loss of data
D:\Grex\School\Benilde\2nd Year 1st Sem\BASPRG3\BASPRG3_TIE2\THE ONE WITH THE REAL MILESTONES\SY21T3-BP3-TIE2-YATCOGreco\sdl-template-master-yatco\SDLTemplate\SDLTemplate\GameScene.cpp(282,27): warning C4553: '==': result of expression not used; did you intend '='?
D:\Grex\School\Benilde\2nd Year 1st Sem\BASPRG3\BASPRG3_TIE2\THE ONE WITH THE REAL MILESTONES\SY21T3-BP3-TIE2-YATCOGreco\sdl-template-master-yatco\SDLTemplate\SDLTemplate\GameScene.cpp(297,100): warning C4244: 'argument': conversion from 'int' to 'float', possible loss of data
D:\Grex\School\Benilde\2nd Year 1st Sem\BASPRG3\BASPRG3_TIE2\THE ONE WITH THE REAL MILESTONES\SY21T3-BP3-TIE2-YATCOGreco\sdl-template-master-yatco\SDLTemplate\SDLTemplate\GameScene.cpp(297,71): warning C4244: 'argument': conversion from 'int' to 'float', possible loss of data
  SDLTemplate.vcxproj -> D:\Grex\School\Benilde\2nd Year 1st Sem\BASPRG3\BASPRG3_TIE2\THE ONE WITH THE REAL MILESTONES\SY21T3-BP3-TIE2-YATCOGreco\sdl-template-master-yatco\SDLTemplate\x64\Debug\SDL-Template.exe
